<?xml version="1.0" encoding="UTF-8"?>
<!-- Generated by org.testng.reporters.JUnitXMLReporter -->
<testsuite hostname="DESKTOP-RN62EUK" ignored="1" name="ChromeTest(failed)" tests="1" failures="1" timestamp="2022-10-17T12:21:36 EDT" time="10.372" errors="0">
  <testcase name="titelTest" time="0.029" classname="TestRunner.com.Runner">
    <failure type="java.lang.AssertionError" message="expected [oogle] but found [Google]">
      <![CDATA[java.lang.AssertionError: expected [oogle] but found [Google]
at TestRunner.com.Runner.titelTest(Runner.java:32)
at java.util.ArrayList.forEach(Unknown Source)
at java.util.concurrent.FutureTask.run(Unknown Source)
at java.util.concurrent.ThreadPoolExecutor.runWorker(Unknown Source)
at java.util.concurrent.ThreadPoolExecutor$Worker.run(Unknown Source)
at java.lang.Thread.run(Unknown Source)
... Removed 23 stack frames]]>
    </failure>
  </testcase> <!-- titelTest -->
  <testcase name="input" time="0.0" classname="TestRunner.com.Runner">
    <ignored/>
  </testcase> <!-- input -->
</testsuite> <!-- ChromeTest(failed) -->
